<?xml version="1.0" encoding="UTF-8"?>
<testsuite xmlns:xsi="http://www.w3.org/2001/XMLSchema-instance" xsi:noNamespaceSchemaLocation="https://maven.apache.org/surefire/maven-surefire-plugin/xsd/surefire-test-report.xsd" name="com.example.BasicApplicationTests" time="2.604" tests="1" errors="0" skipped="0" failures="0">
  <properties>
    <property name="java.specification.version" value="14"/>
    <property name="sun.cpu.isalist" value="amd64"/>
    <property name="sun.jnu.encoding" value="Cp1252"/>
    <property name="java.class.path" value="C:\Users\Berezia\Documents\NetBeansProjects\Assn3\target\test-classes;C:\Users\Berezia\Documents\NetBeansProjects\Assn3\target\classes;C:\Users\Berezia\.m2\repository\org\springframework\boot\spring-boot-starter\2.1.6.RELEASE\spring-boot-starter-2.1.6.RELEASE.jar;C:\Users\Berezia\.m2\repository\org\springframework\boot\spring-boot\2.1.6.RELEASE\spring-boot-2.1.6.RELEASE.jar;C:\Users\Berezia\.m2\repository\org\springframework\spring-context\5.1.8.RELEASE\spring-context-5.1.8.RELEASE.jar;C:\Users\Berezia\.m2\repository\org\springframework\boot\spring-boot-autoconfigure\2.1.6.RELEASE\spring-boot-autoconfigure-2.1.6.RELEASE.jar;C:\Users\Berezia\.m2\repository\org\springframework\boot\spring-boot-starter-logging\2.1.6.RELEASE\spring-boot-starter-logging-2.1.6.RELEASE.jar;C:\Users\Berezia\.m2\repository\ch\qos\logback\logback-classic\1.2.3\logback-classic-1.2.3.jar;C:\Users\Berezia\.m2\repository\ch\qos\logback\logback-core\1.2.3\logback-core-1.2.3.jar;C:\Users\Berezia\.m2\repository\org\apache\logging\log4j\log4j-to-slf4j\2.11.2\log4j-to-slf4j-2.11.2.jar;C:\Users\Berezia\.m2\repository\org\apache\logging\log4j\log4j-api\2.11.2\log4j-api-2.11.2.jar;C:\Users\Berezia\.m2\repository\org\slf4j\jul-to-slf4j\1.7.26\jul-to-slf4j-1.7.26.jar;C:\Users\Berezia\.m2\repository\javax\annotation\javax.annotation-api\1.3.2\javax.annotation-api-1.3.2.jar;C:\Users\Berezia\.m2\repository\org\springframework\spring-core\5.1.8.RELEASE\spring-core-5.1.8.RELEASE.jar;C:\Users\Berezia\.m2\repository\org\springframework\spring-jcl\5.1.8.RELEASE\spring-jcl-5.1.8.RELEASE.jar;C:\Users\Berezia\.m2\repository\org\yaml\snakeyaml\1.23\snakeyaml-1.23.jar;C:\Users\Berezia\.m2\repository\org\springframework\boot\spring-boot-starter-web\2.1.6.RELEASE\spring-boot-starter-web-2.1.6.RELEASE.jar;C:\Users\Berezia\.m2\repository\org\springframework\boot\spring-boot-starter-json\2.1.6.RELEASE\spring-boot-starter-json-2.1.6.RELEASE.jar;C:\Users\Berezia\.m2\repository\com\fasterxml\jackson\core\jackson-databind\2.9.9\jackson-databind-2.9.9.jar;C:\Users\Berezia\.m2\repository\com\fasterxml\jackson\core\jackson-annotations\2.9.0\jackson-annotations-2.9.0.jar;C:\Users\Berezia\.m2\repository\com\fasterxml\jackson\core\jackson-core\2.9.9\jackson-core-2.9.9.jar;C:\Users\Berezia\.m2\repository\com\fasterxml\jackson\datatype\jackson-datatype-jdk8\2.9.9\jackson-datatype-jdk8-2.9.9.jar;C:\Users\Berezia\.m2\repository\com\fasterxml\jackson\datatype\jackson-datatype-jsr310\2.9.9\jackson-datatype-jsr310-2.9.9.jar;C:\Users\Berezia\.m2\repository\com\fasterxml\jackson\module\jackson-module-parameter-names\2.9.9\jackson-module-parameter-names-2.9.9.jar;C:\Users\Berezia\.m2\repository\org\springframework\boot\spring-boot-starter-tomcat\2.1.6.RELEASE\spring-boot-starter-tomcat-2.1.6.RELEASE.jar;C:\Users\Berezia\.m2\repository\org\apache\tomcat\embed\tomcat-embed-websocket\9.0.21\tomcat-embed-websocket-9.0.21.jar;C:\Users\Berezia\.m2\repository\org\hibernate\validator\hibernate-validator\6.0.17.Final\hibernate-validator-6.0.17.Final.jar;C:\Users\Berezia\.m2\repository\javax\validation\validation-api\2.0.1.Final\validation-api-2.0.1.Final.jar;C:\Users\Berezia\.m2\repository\org\jboss\logging\jboss-logging\3.3.2.Final\jboss-logging-3.3.2.Final.jar;C:\Users\Berezia\.m2\repository\com\fasterxml\classmate\1.4.0\classmate-1.4.0.jar;C:\Users\Berezia\.m2\repository\org\springframework\spring-web\5.1.8.RELEASE\spring-web-5.1.8.RELEASE.jar;C:\Users\Berezia\.m2\repository\org\springframework\spring-beans\5.1.8.RELEASE\spring-beans-5.1.8.RELEASE.jar;C:\Users\Berezia\.m2\repository\org\springframework\spring-webmvc\5.1.8.RELEASE\spring-webmvc-5.1.8.RELEASE.jar;C:\Users\Berezia\.m2\repository\org\springframework\spring-aop\5.1.8.RELEASE\spring-aop-5.1.8.RELEASE.jar;C:\Users\Berezia\.m2\repository\org\springframework\spring-expression\5.1.8.RELEASE\spring-expression-5.1.8.RELEASE.jar;C:\Users\Berezia\.m2\repository\org\springframework\boot\spring-boot-configuration-processor\2.1.6.RELEASE\spring-boot-configuration-processor-2.1.6.RELEASE.jar;C:\Users\Berezia\.m2\repository\org\springframework\boot\spring-boot-starter-test\2.1.6.RELEASE\spring-boot-starter-test-2.1.6.RELEASE.jar;C:\Users\Berezia\.m2\repository\org\springframework\boot\spring-boot-test\2.1.6.RELEASE\spring-boot-test-2.1.6.RELEASE.jar;C:\Users\Berezia\.m2\repository\org\springframework\boot\spring-boot-test-autoconfigure\2.1.6.RELEASE\spring-boot-test-autoconfigure-2.1.6.RELEASE.jar;C:\Users\Berezia\.m2\repository\com\jayway\jsonpath\json-path\2.4.0\json-path-2.4.0.jar;C:\Users\Berezia\.m2\repository\net\minidev\json-smart\2.3\json-smart-2.3.jar;C:\Users\Berezia\.m2\repository\net\minidev\accessors-smart\1.2\accessors-smart-1.2.jar;C:\Users\Berezia\.m2\repository\org\ow2\asm\asm\5.0.4\asm-5.0.4.jar;C:\Users\Berezia\.m2\repository\org\slf4j\slf4j-api\1.7.26\slf4j-api-1.7.26.jar;C:\Users\Berezia\.m2\repository\junit\junit\4.12\junit-4.12.jar;C:\Users\Berezia\.m2\repository\org\assertj\assertj-core\3.11.1\assertj-core-3.11.1.jar;C:\Users\Berezia\.m2\repository\org\mockito\mockito-core\2.23.4\mockito-core-2.23.4.jar;C:\Users\Berezia\.m2\repository\net\bytebuddy\byte-buddy\1.9.13\byte-buddy-1.9.13.jar;C:\Users\Berezia\.m2\repository\net\bytebuddy\byte-buddy-agent\1.9.13\byte-buddy-agent-1.9.13.jar;C:\Users\Berezia\.m2\repository\org\objenesis\objenesis\2.6\objenesis-2.6.jar;C:\Users\Berezia\.m2\repository\org\hamcrest\hamcrest-core\1.3\hamcrest-core-1.3.jar;C:\Users\Berezia\.m2\repository\org\hamcrest\hamcrest-library\1.3\hamcrest-library-1.3.jar;C:\Users\Berezia\.m2\repository\org\skyscreamer\jsonassert\1.5.0\jsonassert-1.5.0.jar;C:\Users\Berezia\.m2\repository\com\vaadin\external\google\android-json\0.0.20131108.vaadin1\android-json-0.0.20131108.vaadin1.jar;C:\Users\Berezia\.m2\repository\org\springframework\spring-test\5.1.8.RELEASE\spring-test-5.1.8.RELEASE.jar;C:\Users\Berezia\.m2\repository\org\xmlunit\xmlunit-core\2.6.2\xmlunit-core-2.6.2.jar;C:\Users\Berezia\.m2\repository\javax\xml\bind\jaxb-api\2.3.1\jaxb-api-2.3.1.jar;C:\Users\Berezia\.m2\repository\javax\activation\javax.activation-api\1.2.0\javax.activation-api-1.2.0.jar;C:\Users\Berezia\.m2\repository\org\apache\tomcat\embed\tomcat-embed-jasper\9.0.21\tomcat-embed-jasper-9.0.21.jar;C:\Users\Berezia\.m2\repository\org\apache\tomcat\embed\tomcat-embed-core\9.0.21\tomcat-embed-core-9.0.21.jar;C:\Users\Berezia\.m2\repository\org\apache\tomcat\tomcat-annotations-api\9.0.21\tomcat-annotations-api-9.0.21.jar;C:\Users\Berezia\.m2\repository\org\apache\tomcat\embed\tomcat-embed-el\9.0.21\tomcat-embed-el-9.0.21.jar;C:\Users\Berezia\.m2\repository\org\eclipse\jdt\ecj\3.16.0\ecj-3.16.0.jar;C:\Users\Berezia\.m2\repository\javax\servlet\jstl\1.2\jstl-1.2.jar;C:\Users\Berezia\.m2\repository\com\amazonaws\aws-java-sdk\1.11.106\aws-java-sdk-1.11.106.jar;C:\Users\Berezia\.m2\repository\com\amazonaws\aws-java-sdk-pinpoint\1.11.106\aws-java-sdk-pinpoint-1.11.106.jar;C:\Users\Berezia\.m2\repository\com\amazonaws\jmespath-java\1.11.106\jmespath-java-1.11.106.jar;C:\Users\Berezia\.m2\repository\com\amazonaws\aws-java-sdk-xray\1.11.106\aws-java-sdk-xray-1.11.106.jar;C:\Users\Berezia\.m2\repository\com\amazonaws\aws-java-sdk-opsworkscm\1.11.106\aws-java-sdk-opsworkscm-1.11.106.jar;C:\Users\Berezia\.m2\repository\com\amazonaws\aws-java-sdk-support\1.11.106\aws-java-sdk-support-1.11.106.jar;C:\Users\Berezia\.m2\repository\com\amazonaws\aws-java-sdk-simpledb\1.11.106\aws-java-sdk-simpledb-1.11.106.jar;C:\Users\Berezia\.m2\repository\com\amazonaws\aws-java-sdk-servicecatalog\1.11.106\aws-java-sdk-servicecatalog-1.11.106.jar;C:\Users\Berezia\.m2\repository\com\amazonaws\aws-java-sdk-servermigration\1.11.106\aws-java-sdk-servermigration-1.11.106.jar;C:\Users\Berezia\.m2\repository\com\amazonaws\aws-java-sdk-simpleworkflow\1.11.106\aws-java-sdk-simpleworkflow-1.11.106.jar;C:\Users\Berezia\.m2\repository\com\amazonaws\aws-java-sdk-storagegateway\1.11.106\aws-java-sdk-storagegateway-1.11.106.jar;C:\Users\Berezia\.m2\repository\com\amazonaws\aws-java-sdk-route53\1.11.106\aws-java-sdk-route53-1.11.106.jar;C:\Users\Berezia\.m2\repository\com\amazonaws\aws-java-sdk-s3\1.11.106\aws-java-sdk-s3-1.11.106.jar;C:\Users\Berezia\.m2\repository\com\amazonaws\aws-java-sdk-importexport\1.11.106\aws-java-sdk-importexport-1.11.106.jar;C:\Users\Berezia\.m2\repository\com\amazonaws\aws-java-sdk-sts\1.11.106\aws-java-sdk-sts-1.11.106.jar;C:\Users\Berezia\.m2\repository\com\amazonaws\aws-java-sdk-sqs\1.11.106\aws-java-sdk-sqs-1.11.106.jar;C:\Users\Berezia\.m2\repository\com\amazonaws\aws-java-sdk-rds\1.11.106\aws-java-sdk-rds-1.11.106.jar;C:\Users\Berezia\.m2\repository\com\amazonaws\aws-java-sdk-redshift\1.11.106\aws-java-sdk-redshift-1.11.106.jar;C:\Users\Berezia\.m2\repository\com\amazonaws\aws-java-sdk-elasticbeanstalk\1.11.106\aws-java-sdk-elasticbeanstalk-1.11.106.jar;C:\Users\Berezia\.m2\repository\com\amazonaws\aws-java-sdk-glacier\1.11.106\aws-java-sdk-glacier-1.11.106.jar;C:\Users\Berezia\.m2\repository\com\amazonaws\aws-java-sdk-iam\1.11.106\aws-java-sdk-iam-1.11.106.jar;C:\Users\Berezia\.m2\repository\com\amazonaws\aws-java-sdk-datapipeline\1.11.106\aws-java-sdk-datapipeline-1.11.106.jar;C:\Users\Berezia\.m2\repository\com\amazonaws\aws-java-sdk-elasticloadbalancing\1.11.106\aws-java-sdk-elasticloadbalancing-1.11.106.jar;C:\Users\Berezia\.m2\repository\com\amazonaws\aws-java-sdk-elasticloadbalancingv2\1.11.106\aws-java-sdk-elasticloadbalancingv2-1.11.106.jar;C:\Users\Berezia\.m2\repository\com\amazonaws\aws-java-sdk-emr\1.11.106\aws-java-sdk-emr-1.11.106.jar;C:\Users\Berezia\.m2\repository\com\amazonaws\aws-java-sdk-elasticache\1.11.106\aws-java-sdk-elasticache-1.11.106.jar;C:\Users\Berezia\.m2\repository\com\amazonaws\aws-java-sdk-elastictranscoder\1.11.106\aws-java-sdk-elastictranscoder-1.11.106.jar;C:\Users\Berezia\.m2\repository\com\amazonaws\aws-java-sdk-ec2\1.11.106\aws-java-sdk-ec2-1.11.106.jar;C:\Users\Berezia\.m2\repository\com\amazonaws\aws-java-sdk-dynamodb\1.11.106\aws-java-sdk-dynamodb-1.11.106.jar;C:\Users\Berezia\.m2\repository\com\amazonaws\aws-java-sdk-sns\1.11.106\aws-java-sdk-sns-1.11.106.jar;C:\Users\Berezia\.m2\repository\com\amazonaws\aws-java-sdk-budgets\1.11.106\aws-java-sdk-budgets-1.11.106.jar;C:\Users\Berezia\.m2\repository\com\amazonaws\aws-java-sdk-cloudtrail\1.11.106\aws-java-sdk-cloudtrail-1.11.106.jar;C:\Users\Berezia\.m2\repository\com\amazonaws\aws-java-sdk-cloudwatch\1.11.106\aws-java-sdk-cloudwatch-1.11.106.jar;C:\Users\Berezia\.m2\repository\com\amazonaws\aws-java-sdk-logs\1.11.106\aws-java-sdk-logs-1.11.106.jar;C:\Users\Berezia\.m2\repository\com\amazonaws\aws-java-sdk-events\1.11.106\aws-java-sdk-events-1.11.106.jar;C:\Users\Berezia\.m2\repository\com\amazonaws\aws-java-sdk-cognitoidentity\1.11.106\aws-java-sdk-cognitoidentity-1.11.106.jar;C:\Users\Berezia\.m2\repository\com\amazonaws\aws-java-sdk-cognitosync\1.11.106\aws-java-sdk-cognitosync-1.11.106.jar;C:\Users\Berezia\.m2\repository\com\amazonaws\aws-java-sdk-directconnect\1.11.106\aws-java-sdk-directconnect-1.11.106.jar;C:\Users\Berezia\.m2\repository\com\amazonaws\aws-java-sdk-cloudformation\1.11.106\aws-java-sdk-cloudformation-1.11.106.jar;C:\Users\Berezia\.m2\repository\com\amazonaws\aws-java-sdk-cloudfront\1.11.106\aws-java-sdk-cloudfront-1.11.106.jar;C:\Users\Berezia\.m2\repository\com\amazonaws\aws-java-sdk-clouddirectory\1.11.106\aws-java-sdk-clouddirectory-1.11.106.jar;C:\Users\Berezia\.m2\repository\com\amazonaws\aws-java-sdk-kinesis\1.11.106\aws-java-sdk-kinesis-1.11.106.jar;C:\Users\Berezia\.m2\repository\com\amazonaws\aws-java-sdk-opsworks\1.11.106\aws-java-sdk-opsworks-1.11.106.jar;C:\Users\Berezia\.m2\repository\com\amazonaws\aws-java-sdk-ses\1.11.106\aws-java-sdk-ses-1.11.106.jar;C:\Users\Berezia\.m2\repository\com\amazonaws\aws-java-sdk-autoscaling\1.11.106\aws-java-sdk-autoscaling-1.11.106.jar;C:\Users\Berezia\.m2\repository\com\amazonaws\aws-java-sdk-cloudsearch\1.11.106\aws-java-sdk-cloudsearch-1.11.106.jar;C:\Users\Berezia\.m2\repository\com\amazonaws\aws-java-sdk-cloudwatchmetrics\1.11.106\aws-java-sdk-cloudwatchmetrics-1.11.106.jar;C:\Users\Berezia\.m2\repository\com\amazonaws\aws-java-sdk-codedeploy\1.11.106\aws-java-sdk-codedeploy-1.11.106.jar;C:\Users\Berezia\.m2\repository\com\amazonaws\aws-java-sdk-codepipeline\1.11.106\aws-java-sdk-codepipeline-1.11.106.jar;C:\Users\Berezia\.m2\repository\com\amazonaws\aws-java-sdk-kms\1.11.106\aws-java-sdk-kms-1.11.106.jar;C:\Users\Berezia\.m2\repository\com\amazonaws\aws-java-sdk-config\1.11.106\aws-java-sdk-config-1.11.106.jar;C:\Users\Berezia\.m2\repository\com\amazonaws\aws-java-sdk-lambda\1.11.106\aws-java-sdk-lambda-1.11.106.jar;C:\Users\Berezia\.m2\repository\com\amazonaws\aws-java-sdk-ecs\1.11.106\aws-java-sdk-ecs-1.11.106.jar;C:\Users\Berezia\.m2\repository\com\amazonaws\aws-java-sdk-ecr\1.11.106\aws-java-sdk-ecr-1.11.106.jar;C:\Users\Berezia\.m2\repository\com\amazonaws\aws-java-sdk-cloudhsm\1.11.106\aws-java-sdk-cloudhsm-1.11.106.jar;C:\Users\Berezia\.m2\repository\com\amazonaws\aws-java-sdk-ssm\1.11.106\aws-java-sdk-ssm-1.11.106.jar;C:\Users\Berezia\.m2\repository\com\amazonaws\aws-java-sdk-workspaces\1.11.106\aws-java-sdk-workspaces-1.11.106.jar;C:\Users\Berezia\.m2\repository\com\amazonaws\aws-java-sdk-machinelearning\1.11.106\aws-java-sdk-machinelearning-1.11.106.jar;C:\Users\Berezia\.m2\repository\com\amazonaws\aws-java-sdk-directory\1.11.106\aws-java-sdk-directory-1.11.106.jar;C:\Users\Berezia\.m2\repository\com\amazonaws\aws-java-sdk-efs\1.11.106\aws-java-sdk-efs-1.11.106.jar;C:\Users\Berezia\.m2\repository\com\amazonaws\aws-java-sdk-codecommit\1.11.106\aws-java-sdk-codecommit-1.11.106.jar;C:\Users\Berezia\.m2\repository\com\amazonaws\aws-java-sdk-devicefarm\1.11.106\aws-java-sdk-devicefarm-1.11.106.jar;C:\Users\Berezia\.m2\repository\com\amazonaws\aws-java-sdk-elasticsearch\1.11.106\aws-java-sdk-elasticsearch-1.11.106.jar;C:\Users\Berezia\.m2\repository\com\amazonaws\aws-java-sdk-waf\1.11.106\aws-java-sdk-waf-1.11.106.jar;C:\Users\Berezia\.m2\repository\com\amazonaws\aws-java-sdk-marketplacecommerceanalytics\1.11.106\aws-java-sdk-marketplacecommerceanalytics-1.11.106.jar;C:\Users\Berezia\.m2\repository\com\amazonaws\aws-java-sdk-inspector\1.11.106\aws-java-sdk-inspector-1.11.106.jar;C:\Users\Berezia\.m2\repository\com\amazonaws\aws-java-sdk-iot\1.11.106\aws-java-sdk-iot-1.11.106.jar;C:\Users\Berezia\.m2\repository\com\amazonaws\aws-java-sdk-api-gateway\1.11.106\aws-java-sdk-api-gateway-1.11.106.jar;C:\Users\Berezia\.m2\repository\com\amazonaws\aws-java-sdk-acm\1.11.106\aws-java-sdk-acm-1.11.106.jar;C:\Users\Berezia\.m2\repository\com\amazonaws\aws-java-sdk-gamelift\1.11.106\aws-java-sdk-gamelift-1.11.106.jar;C:\Users\Berezia\.m2\repository\com\amazonaws\aws-java-sdk-dms\1.11.106\aws-java-sdk-dms-1.11.106.jar;C:\Users\Berezia\.m2\repository\com\amazonaws\aws-java-sdk-marketplacemeteringservice\1.11.106\aws-java-sdk-marketplacemeteringservice-1.11.106.jar;C:\Users\Berezia\.m2\repository\com\amazonaws\aws-java-sdk-cognitoidp\1.11.106\aws-java-sdk-cognitoidp-1.11.106.jar;C:\Users\Berezia\.m2\repository\com\amazonaws\aws-java-sdk-discovery\1.11.106\aws-java-sdk-discovery-1.11.106.jar;C:\Users\Berezia\.m2\repository\com\amazonaws\aws-java-sdk-applicationautoscaling\1.11.106\aws-java-sdk-applicationautoscaling-1.11.106.jar;C:\Users\Berezia\.m2\repository\com\amazonaws\aws-java-sdk-snowball\1.11.106\aws-java-sdk-snowball-1.11.106.jar;C:\Users\Berezia\.m2\repository\com\amazonaws\aws-java-sdk-rekognition\1.11.106\aws-java-sdk-rekognition-1.11.106.jar;C:\Users\Berezia\.m2\repository\com\amazonaws\aws-java-sdk-polly\1.11.106\aws-java-sdk-polly-1.11.106.jar;C:\Users\Berezia\.m2\repository\com\amazonaws\aws-java-sdk-lightsail\1.11.106\aws-java-sdk-lightsail-1.11.106.jar;C:\Users\Berezia\.m2\repository\com\amazonaws\aws-java-sdk-stepfunctions\1.11.106\aws-java-sdk-stepfunctions-1.11.106.jar;C:\Users\Berezia\.m2\repository\com\amazonaws\aws-java-sdk-health\1.11.106\aws-java-sdk-health-1.11.106.jar;C:\Users\Berezia\.m2\repository\com\amazonaws\aws-java-sdk-costandusagereport\1.11.106\aws-java-sdk-costandusagereport-1.11.106.jar;C:\Users\Berezia\.m2\repository\com\amazonaws\aws-java-sdk-codebuild\1.11.106\aws-java-sdk-codebuild-1.11.106.jar;C:\Users\Berezia\.m2\repository\com\amazonaws\aws-java-sdk-appstream\1.11.106\aws-java-sdk-appstream-1.11.106.jar;C:\Users\Berezia\.m2\repository\com\amazonaws\aws-java-sdk-shield\1.11.106\aws-java-sdk-shield-1.11.106.jar;C:\Users\Berezia\.m2\repository\com\amazonaws\aws-java-sdk-batch\1.11.106\aws-java-sdk-batch-1.11.106.jar;C:\Users\Berezia\.m2\repository\com\amazonaws\aws-java-sdk-lex\1.11.106\aws-java-sdk-lex-1.11.106.jar;C:\Users\Berezia\.m2\repository\com\amazonaws\aws-java-sdk-mechanicalturkrequester\1.11.106\aws-java-sdk-mechanicalturkrequester-1.11.106.jar;C:\Users\Berezia\.m2\repository\com\amazonaws\aws-java-sdk-organizations\1.11.106\aws-java-sdk-organizations-1.11.106.jar;C:\Users\Berezia\.m2\repository\com\amazonaws\aws-java-sdk-workdocs\1.11.106\aws-java-sdk-workdocs-1.11.106.jar;C:\Users\Berezia\.m2\repository\com\amazonaws\aws-java-sdk-core\1.11.106\aws-java-sdk-core-1.11.106.jar;C:\Users\Berezia\.m2\repository\commons-logging\commons-logging\1.1.3\commons-logging-1.1.3.jar;C:\Users\Berezia\.m2\repository\org\apache\httpcomponents\httpclient\4.5.9\httpclient-4.5.9.jar;C:\Users\Berezia\.m2\repository\org\apache\httpcomponents\httpcore\4.4.11\httpcore-4.4.11.jar;C:\Users\Berezia\.m2\repository\commons-codec\commons-codec\1.11\commons-codec-1.11.jar;C:\Users\Berezia\.m2\repository\software\amazon\ion\ion-java\1.0.2\ion-java-1.0.2.jar;C:\Users\Berezia\.m2\repository\com\fasterxml\jackson\dataformat\jackson-dataformat-cbor\2.9.9\jackson-dataformat-cbor-2.9.9.jar;C:\Users\Berezia\.m2\repository\joda-time\joda-time\2.10.2\joda-time-2.10.2.jar;C:\Users\Berezia\.m2\repository\com\amazonaws\aws-java-sdk-models\1.11.106\aws-java-sdk-models-1.11.106.jar;C:\Users\Berezia\.m2\repository\com\amazonaws\aws-java-sdk-swf-libraries\1.11.22\aws-java-sdk-swf-libraries-1.11.22.jar;"/>
    <property name="java.vm.vendor" value="Oracle Corporation"/>
    <property name="sun.arch.data.model" value="64"/>
    <property name="user.variant" value=""/>
    <property name="java.vendor.url" value="https://java.oracle.com/"/>
    <property name="user.timezone" value="America/New_York"/>
    <property name="os.name" value="Windows 10"/>
    <property name="java.vm.specification.version" value="14"/>
    <property name="user.country" value="US"/>
    <property name="sun.java.launcher" value="SUN_STANDARD"/>
    <property name="sun.boot.library.path" value="C:\Program Files\Java\jdk-14.0.2\bin"/>
    <property name="sun.java.command" value="C:\Users\Berezia\AppData\Local\Temp\surefire12762673254569368165\surefirebooter2582561017852023401.jar C:\Users\Berezia\AppData\Local\Temp\surefire12762673254569368165 2020-11-02T23-05-08_998-jvmRun1 surefire17857028098365293495tmp surefire_01262892642710098572tmp"/>
    <property name="jdk.debug" value="release"/>
    <property name="surefire.test.class.path" value="C:\Users\Berezia\Documents\NetBeansProjects\Assn3\target\test-classes;C:\Users\Berezia\Documents\NetBeansProjects\Assn3\target\classes;C:\Users\Berezia\.m2\repository\org\springframework\boot\spring-boot-starter\2.1.6.RELEASE\spring-boot-starter-2.1.6.RELEASE.jar;C:\Users\Berezia\.m2\repository\org\springframework\boot\spring-boot\2.1.6.RELEASE\spring-boot-2.1.6.RELEASE.jar;C:\Users\Berezia\.m2\repository\org\springframework\spring-context\5.1.8.RELEASE\spring-context-5.1.8.RELEASE.jar;C:\Users\Berezia\.m2\repository\org\springframework\boot\spring-boot-autoconfigure\2.1.6.RELEASE\spring-boot-autoconfigure-2.1.6.RELEASE.jar;C:\Users\Berezia\.m2\repository\org\springframework\boot\spring-boot-starter-logging\2.1.6.RELEASE\spring-boot-starter-logging-2.1.6.RELEASE.jar;C:\Users\Berezia\.m2\repository\ch\qos\logback\logback-classic\1.2.3\logback-classic-1.2.3.jar;C:\Users\Berezia\.m2\repository\ch\qos\logback\logback-core\1.2.3\logback-core-1.2.3.jar;C:\Users\Berezia\.m2\repository\org\apache\logging\log4j\log4j-to-slf4j\2.11.2\log4j-to-slf4j-2.11.2.jar;C:\Users\Berezia\.m2\repository\org\apache\logging\log4j\log4j-api\2.11.2\log4j-api-2.11.2.jar;C:\Users\Berezia\.m2\repository\org\slf4j\jul-to-slf4j\1.7.26\jul-to-slf4j-1.7.26.jar;C:\Users\Berezia\.m2\repository\javax\annotation\javax.annotation-api\1.3.2\javax.annotation-api-1.3.2.jar;C:\Users\Berezia\.m2\repository\org\springframework\spring-core\5.1.8.RELEASE\spring-core-5.1.8.RELEASE.jar;C:\Users\Berezia\.m2\repository\org\springframework\spring-jcl\5.1.8.RELEASE\spring-jcl-5.1.8.RELEASE.jar;C:\Users\Berezia\.m2\repository\org\yaml\snakeyaml\1.23\snakeyaml-1.23.jar;C:\Users\Berezia\.m2\repository\org\springframework\boot\spring-boot-starter-web\2.1.6.RELEASE\spring-boot-starter-web-2.1.6.RELEASE.jar;C:\Users\Berezia\.m2\repository\org\springframework\boot\spring-boot-starter-json\2.1.6.RELEASE\spring-boot-starter-json-2.1.6.RELEASE.jar;C:\Users\Berezia\.m2\repository\com\fasterxml\jackson\core\jackson-databind\2.9.9\jackson-databind-2.9.9.jar;C:\Users\Berezia\.m2\repository\com\fasterxml\jackson\core\jackson-annotations\2.9.0\jackson-annotations-2.9.0.jar;C:\Users\Berezia\.m2\repository\com\fasterxml\jackson\core\jackson-core\2.9.9\jackson-core-2.9.9.jar;C:\Users\Berezia\.m2\repository\com\fasterxml\jackson\datatype\jackson-datatype-jdk8\2.9.9\jackson-datatype-jdk8-2.9.9.jar;C:\Users\Berezia\.m2\repository\com\fasterxml\jackson\datatype\jackson-datatype-jsr310\2.9.9\jackson-datatype-jsr310-2.9.9.jar;C:\Users\Berezia\.m2\repository\com\fasterxml\jackson\module\jackson-module-parameter-names\2.9.9\jackson-module-parameter-names-2.9.9.jar;C:\Users\Berezia\.m2\repository\org\springframework\boot\spring-boot-starter-tomcat\2.1.6.RELEASE\spring-boot-starter-tomcat-2.1.6.RELEASE.jar;C:\Users\Berezia\.m2\repository\org\apache\tomcat\embed\tomcat-embed-websocket\9.0.21\tomcat-embed-websocket-9.0.21.jar;C:\Users\Berezia\.m2\repository\org\hibernate\validator\hibernate-validator\6.0.17.Final\hibernate-validator-6.0.17.Final.jar;C:\Users\Berezia\.m2\repository\javax\validation\validation-api\2.0.1.Final\validation-api-2.0.1.Final.jar;C:\Users\Berezia\.m2\repository\org\jboss\logging\jboss-logging\3.3.2.Final\jboss-logging-3.3.2.Final.jar;C:\Users\Berezia\.m2\repository\com\fasterxml\classmate\1.4.0\classmate-1.4.0.jar;C:\Users\Berezia\.m2\repository\org\springframework\spring-web\5.1.8.RELEASE\spring-web-5.1.8.RELEASE.jar;C:\Users\Berezia\.m2\repository\org\springframework\spring-beans\5.1.8.RELEASE\spring-beans-5.1.8.RELEASE.jar;C:\Users\Berezia\.m2\repository\org\springframework\spring-webmvc\5.1.8.RELEASE\spring-webmvc-5.1.8.RELEASE.jar;C:\Users\Berezia\.m2\repository\org\springframework\spring-aop\5.1.8.RELEASE\spring-aop-5.1.8.RELEASE.jar;C:\Users\Berezia\.m2\repository\org\springframework\spring-expression\5.1.8.RELEASE\spring-expression-5.1.8.RELEASE.jar;C:\Users\Berezia\.m2\repository\org\springframework\boot\spring-boot-configuration-processor\2.1.6.RELEASE\spring-boot-configuration-processor-2.1.6.RELEASE.jar;C:\Users\Berezia\.m2\repository\org\springframework\boot\spring-boot-starter-test\2.1.6.RELEASE\spring-boot-starter-test-2.1.6.RELEASE.jar;C:\Users\Berezia\.m2\repository\org\springframework\boot\spring-boot-test\2.1.6.RELEASE\spring-boot-test-2.1.6.RELEASE.jar;C:\Users\Berezia\.m2\repository\org\springframework\boot\spring-boot-test-autoconfigure\2.1.6.RELEASE\spring-boot-test-autoconfigure-2.1.6.RELEASE.jar;C:\Users\Berezia\.m2\repository\com\jayway\jsonpath\json-path\2.4.0\json-path-2.4.0.jar;C:\Users\Berezia\.m2\repository\net\minidev\json-smart\2.3\json-smart-2.3.jar;C:\Users\Berezia\.m2\repository\net\minidev\accessors-smart\1.2\accessors-smart-1.2.jar;C:\Users\Berezia\.m2\repository\org\ow2\asm\asm\5.0.4\asm-5.0.4.jar;C:\Users\Berezia\.m2\repository\org\slf4j\slf4j-api\1.7.26\slf4j-api-1.7.26.jar;C:\Users\Berezia\.m2\repository\junit\junit\4.12\junit-4.12.jar;C:\Users\Berezia\.m2\repository\org\assertj\assertj-core\3.11.1\assertj-core-3.11.1.jar;C:\Users\Berezia\.m2\repository\org\mockito\mockito-core\2.23.4\mockito-core-2.23.4.jar;C:\Users\Berezia\.m2\repository\net\bytebuddy\byte-buddy\1.9.13\byte-buddy-1.9.13.jar;C:\Users\Berezia\.m2\repository\net\bytebuddy\byte-buddy-agent\1.9.13\byte-buddy-agent-1.9.13.jar;C:\Users\Berezia\.m2\repository\org\objenesis\objenesis\2.6\objenesis-2.6.jar;C:\Users\Berezia\.m2\repository\org\hamcrest\hamcrest-core\1.3\hamcrest-core-1.3.jar;C:\Users\Berezia\.m2\repository\org\hamcrest\hamcrest-library\1.3\hamcrest-library-1.3.jar;C:\Users\Berezia\.m2\repository\org\skyscreamer\jsonassert\1.5.0\jsonassert-1.5.0.jar;C:\Users\Berezia\.m2\repository\com\vaadin\external\google\android-json\0.0.20131108.vaadin1\android-json-0.0.20131108.vaadin1.jar;C:\Users\Berezia\.m2\repository\org\springframework\spring-test\5.1.8.RELEASE\spring-test-5.1.8.RELEASE.jar;C:\Users\Berezia\.m2\repository\org\xmlunit\xmlunit-core\2.6.2\xmlunit-core-2.6.2.jar;C:\Users\Berezia\.m2\repository\javax\xml\bind\jaxb-api\2.3.1\jaxb-api-2.3.1.jar;C:\Users\Berezia\.m2\repository\javax\activation\javax.activation-api\1.2.0\javax.activation-api-1.2.0.jar;C:\Users\Berezia\.m2\repository\org\apache\tomcat\embed\tomcat-embed-jasper\9.0.21\tomcat-embed-jasper-9.0.21.jar;C:\Users\Berezia\.m2\repository\org\apache\tomcat\embed\tomcat-embed-core\9.0.21\tomcat-embed-core-9.0.21.jar;C:\Users\Berezia\.m2\repository\org\apache\tomcat\tomcat-annotations-api\9.0.21\tomcat-annotations-api-9.0.21.jar;C:\Users\Berezia\.m2\repository\org\apache\tomcat\embed\tomcat-embed-el\9.0.21\tomcat-embed-el-9.0.21.jar;C:\Users\Berezia\.m2\repository\org\eclipse\jdt\ecj\3.16.0\ecj-3.16.0.jar;C:\Users\Berezia\.m2\repository\javax\servlet\jstl\1.2\jstl-1.2.jar;C:\Users\Berezia\.m2\repository\com\amazonaws\aws-java-sdk\1.11.106\aws-java-sdk-1.11.106.jar;C:\Users\Berezia\.m2\repository\com\amazonaws\aws-java-sdk-pinpoint\1.11.106\aws-java-sdk-pinpoint-1.11.106.jar;C:\Users\Berezia\.m2\repository\com\amazonaws\jmespath-java\1.11.106\jmespath-java-1.11.106.jar;C:\Users\Berezia\.m2\repository\com\amazonaws\aws-java-sdk-xray\1.11.106\aws-java-sdk-xray-1.11.106.jar;C:\Users\Berezia\.m2\repository\com\amazonaws\aws-java-sdk-opsworkscm\1.11.106\aws-java-sdk-opsworkscm-1.11.106.jar;C:\Users\Berezia\.m2\repository\com\amazonaws\aws-java-sdk-support\1.11.106\aws-java-sdk-support-1.11.106.jar;C:\Users\Berezia\.m2\repository\com\amazonaws\aws-java-sdk-simpledb\1.11.106\aws-java-sdk-simpledb-1.11.106.jar;C:\Users\Berezia\.m2\repository\com\amazonaws\aws-java-sdk-servicecatalog\1.11.106\aws-java-sdk-servicecatalog-1.11.106.jar;C:\Users\Berezia\.m2\repository\com\amazonaws\aws-java-sdk-servermigration\1.11.106\aws-java-sdk-servermigration-1.11.106.jar;C:\Users\Berezia\.m2\repository\com\amazonaws\aws-java-sdk-simpleworkflow\1.11.106\aws-java-sdk-simpleworkflow-1.11.106.jar;C:\Users\Berezia\.m2\repository\com\amazonaws\aws-java-sdk-storagegateway\1.11.106\aws-java-sdk-storagegateway-1.11.106.jar;C:\Users\Berezia\.m2\repository\com\amazonaws\aws-java-sdk-route53\1.11.106\aws-java-sdk-route53-1.11.106.jar;C:\Users\Berezia\.m2\repository\com\amazonaws\aws-java-sdk-s3\1.11.106\aws-java-sdk-s3-1.11.106.jar;C:\Users\Berezia\.m2\repository\com\amazonaws\aws-java-sdk-importexport\1.11.106\aws-java-sdk-importexport-1.11.106.jar;C:\Users\Berezia\.m2\repository\com\amazonaws\aws-java-sdk-sts\1.11.106\aws-java-sdk-sts-1.11.106.jar;C:\Users\Berezia\.m2\repository\com\amazonaws\aws-java-sdk-sqs\1.11.106\aws-java-sdk-sqs-1.11.106.jar;C:\Users\Berezia\.m2\repository\com\amazonaws\aws-java-sdk-rds\1.11.106\aws-java-sdk-rds-1.11.106.jar;C:\Users\Berezia\.m2\repository\com\amazonaws\aws-java-sdk-redshift\1.11.106\aws-java-sdk-redshift-1.11.106.jar;C:\Users\Berezia\.m2\repository\com\amazonaws\aws-java-sdk-elasticbeanstalk\1.11.106\aws-java-sdk-elasticbeanstalk-1.11.106.jar;C:\Users\Berezia\.m2\repository\com\amazonaws\aws-java-sdk-glacier\1.11.106\aws-java-sdk-glacier-1.11.106.jar;C:\Users\Berezia\.m2\repository\com\amazonaws\aws-java-sdk-iam\1.11.106\aws-java-sdk-iam-1.11.106.jar;C:\Users\Berezia\.m2\repository\com\amazonaws\aws-java-sdk-datapipeline\1.11.106\aws-java-sdk-datapipeline-1.11.106.jar;C:\Users\Berezia\.m2\repository\com\amazonaws\aws-java-sdk-elasticloadbalancing\1.11.106\aws-java-sdk-elasticloadbalancing-1.11.106.jar;C:\Users\Berezia\.m2\repository\com\amazonaws\aws-java-sdk-elasticloadbalancingv2\1.11.106\aws-java-sdk-elasticloadbalancingv2-1.11.106.jar;C:\Users\Berezia\.m2\repository\com\amazonaws\aws-java-sdk-emr\1.11.106\aws-java-sdk-emr-1.11.106.jar;C:\Users\Berezia\.m2\repository\com\amazonaws\aws-java-sdk-elasticache\1.11.106\aws-java-sdk-elasticache-1.11.106.jar;C:\Users\Berezia\.m2\repository\com\amazonaws\aws-java-sdk-elastictranscoder\1.11.106\aws-java-sdk-elastictranscoder-1.11.106.jar;C:\Users\Berezia\.m2\repository\com\amazonaws\aws-java-sdk-ec2\1.11.106\aws-java-sdk-ec2-1.11.106.jar;C:\Users\Berezia\.m2\repository\com\amazonaws\aws-java-sdk-dynamodb\1.11.106\aws-java-sdk-dynamodb-1.11.106.jar;C:\Users\Berezia\.m2\repository\com\amazonaws\aws-java-sdk-sns\1.11.106\aws-java-sdk-sns-1.11.106.jar;C:\Users\Berezia\.m2\repository\com\amazonaws\aws-java-sdk-budgets\1.11.106\aws-java-sdk-budgets-1.11.106.jar;C:\Users\Berezia\.m2\repository\com\amazonaws\aws-java-sdk-cloudtrail\1.11.106\aws-java-sdk-cloudtrail-1.11.106.jar;C:\Users\Berezia\.m2\repository\com\amazonaws\aws-java-sdk-cloudwatch\1.11.106\aws-java-sdk-cloudwatch-1.11.106.jar;C:\Users\Berezia\.m2\repository\com\amazonaws\aws-java-sdk-logs\1.11.106\aws-java-sdk-logs-1.11.106.jar;C:\Users\Berezia\.m2\repository\com\amazonaws\aws-java-sdk-events\1.11.106\aws-java-sdk-events-1.11.106.jar;C:\Users\Berezia\.m2\repository\com\amazonaws\aws-java-sdk-cognitoidentity\1.11.106\aws-java-sdk-cognitoidentity-1.11.106.jar;C:\Users\Berezia\.m2\repository\com\amazonaws\aws-java-sdk-cognitosync\1.11.106\aws-java-sdk-cognitosync-1.11.106.jar;C:\Users\Berezia\.m2\repository\com\amazonaws\aws-java-sdk-directconnect\1.11.106\aws-java-sdk-directconnect-1.11.106.jar;C:\Users\Berezia\.m2\repository\com\amazonaws\aws-java-sdk-cloudformation\1.11.106\aws-java-sdk-cloudformation-1.11.106.jar;C:\Users\Berezia\.m2\repository\com\amazonaws\aws-java-sdk-cloudfront\1.11.106\aws-java-sdk-cloudfront-1.11.106.jar;C:\Users\Berezia\.m2\repository\com\amazonaws\aws-java-sdk-clouddirectory\1.11.106\aws-java-sdk-clouddirectory-1.11.106.jar;C:\Users\Berezia\.m2\repository\com\amazonaws\aws-java-sdk-kinesis\1.11.106\aws-java-sdk-kinesis-1.11.106.jar;C:\Users\Berezia\.m2\repository\com\amazonaws\aws-java-sdk-opsworks\1.11.106\aws-java-sdk-opsworks-1.11.106.jar;C:\Users\Berezia\.m2\repository\com\amazonaws\aws-java-sdk-ses\1.11.106\aws-java-sdk-ses-1.11.106.jar;C:\Users\Berezia\.m2\repository\com\amazonaws\aws-java-sdk-autoscaling\1.11.106\aws-java-sdk-autoscaling-1.11.106.jar;C:\Users\Berezia\.m2\repository\com\amazonaws\aws-java-sdk-cloudsearch\1.11.106\aws-java-sdk-cloudsearch-1.11.106.jar;C:\Users\Berezia\.m2\repository\com\amazonaws\aws-java-sdk-cloudwatchmetrics\1.11.106\aws-java-sdk-cloudwatchmetrics-1.11.106.jar;C:\Users\Berezia\.m2\repository\com\amazonaws\aws-java-sdk-codedeploy\1.11.106\aws-java-sdk-codedeploy-1.11.106.jar;C:\Users\Berezia\.m2\repository\com\amazonaws\aws-java-sdk-codepipeline\1.11.106\aws-java-sdk-codepipeline-1.11.106.jar;C:\Users\Berezia\.m2\repository\com\amazonaws\aws-java-sdk-kms\1.11.106\aws-java-sdk-kms-1.11.106.jar;C:\Users\Berezia\.m2\repository\com\amazonaws\aws-java-sdk-config\1.11.106\aws-java-sdk-config-1.11.106.jar;C:\Users\Berezia\.m2\repository\com\amazonaws\aws-java-sdk-lambda\1.11.106\aws-java-sdk-lambda-1.11.106.jar;C:\Users\Berezia\.m2\repository\com\amazonaws\aws-java-sdk-ecs\1.11.106\aws-java-sdk-ecs-1.11.106.jar;C:\Users\Berezia\.m2\repository\com\amazonaws\aws-java-sdk-ecr\1.11.106\aws-java-sdk-ecr-1.11.106.jar;C:\Users\Berezia\.m2\repository\com\amazonaws\aws-java-sdk-cloudhsm\1.11.106\aws-java-sdk-cloudhsm-1.11.106.jar;C:\Users\Berezia\.m2\repository\com\amazonaws\aws-java-sdk-ssm\1.11.106\aws-java-sdk-ssm-1.11.106.jar;C:\Users\Berezia\.m2\repository\com\amazonaws\aws-java-sdk-workspaces\1.11.106\aws-java-sdk-workspaces-1.11.106.jar;C:\Users\Berezia\.m2\repository\com\amazonaws\aws-java-sdk-machinelearning\1.11.106\aws-java-sdk-machinelearning-1.11.106.jar;C:\Users\Berezia\.m2\repository\com\amazonaws\aws-java-sdk-directory\1.11.106\aws-java-sdk-directory-1.11.106.jar;C:\Users\Berezia\.m2\repository\com\amazonaws\aws-java-sdk-efs\1.11.106\aws-java-sdk-efs-1.11.106.jar;C:\Users\Berezia\.m2\repository\com\amazonaws\aws-java-sdk-codecommit\1.11.106\aws-java-sdk-codecommit-1.11.106.jar;C:\Users\Berezia\.m2\repository\com\amazonaws\aws-java-sdk-devicefarm\1.11.106\aws-java-sdk-devicefarm-1.11.106.jar;C:\Users\Berezia\.m2\repository\com\amazonaws\aws-java-sdk-elasticsearch\1.11.106\aws-java-sdk-elasticsearch-1.11.106.jar;C:\Users\Berezia\.m2\repository\com\amazonaws\aws-java-sdk-waf\1.11.106\aws-java-sdk-waf-1.11.106.jar;C:\Users\Berezia\.m2\repository\com\amazonaws\aws-java-sdk-marketplacecommerceanalytics\1.11.106\aws-java-sdk-marketplacecommerceanalytics-1.11.106.jar;C:\Users\Berezia\.m2\repository\com\amazonaws\aws-java-sdk-inspector\1.11.106\aws-java-sdk-inspector-1.11.106.jar;C:\Users\Berezia\.m2\repository\com\amazonaws\aws-java-sdk-iot\1.11.106\aws-java-sdk-iot-1.11.106.jar;C:\Users\Berezia\.m2\repository\com\amazonaws\aws-java-sdk-api-gateway\1.11.106\aws-java-sdk-api-gateway-1.11.106.jar;C:\Users\Berezia\.m2\repository\com\amazonaws\aws-java-sdk-acm\1.11.106\aws-java-sdk-acm-1.11.106.jar;C:\Users\Berezia\.m2\repository\com\amazonaws\aws-java-sdk-gamelift\1.11.106\aws-java-sdk-gamelift-1.11.106.jar;C:\Users\Berezia\.m2\repository\com\amazonaws\aws-java-sdk-dms\1.11.106\aws-java-sdk-dms-1.11.106.jar;C:\Users\Berezia\.m2\repository\com\amazonaws\aws-java-sdk-marketplacemeteringservice\1.11.106\aws-java-sdk-marketplacemeteringservice-1.11.106.jar;C:\Users\Berezia\.m2\repository\com\amazonaws\aws-java-sdk-cognitoidp\1.11.106\aws-java-sdk-cognitoidp-1.11.106.jar;C:\Users\Berezia\.m2\repository\com\amazonaws\aws-java-sdk-discovery\1.11.106\aws-java-sdk-discovery-1.11.106.jar;C:\Users\Berezia\.m2\repository\com\amazonaws\aws-java-sdk-applicationautoscaling\1.11.106\aws-java-sdk-applicationautoscaling-1.11.106.jar;C:\Users\Berezia\.m2\repository\com\amazonaws\aws-java-sdk-snowball\1.11.106\aws-java-sdk-snowball-1.11.106.jar;C:\Users\Berezia\.m2\repository\com\amazonaws\aws-java-sdk-rekognition\1.11.106\aws-java-sdk-rekognition-1.11.106.jar;C:\Users\Berezia\.m2\repository\com\amazonaws\aws-java-sdk-polly\1.11.106\aws-java-sdk-polly-1.11.106.jar;C:\Users\Berezia\.m2\repository\com\amazonaws\aws-java-sdk-lightsail\1.11.106\aws-java-sdk-lightsail-1.11.106.jar;C:\Users\Berezia\.m2\repository\com\amazonaws\aws-java-sdk-stepfunctions\1.11.106\aws-java-sdk-stepfunctions-1.11.106.jar;C:\Users\Berezia\.m2\repository\com\amazonaws\aws-java-sdk-health\1.11.106\aws-java-sdk-health-1.11.106.jar;C:\Users\Berezia\.m2\repository\com\amazonaws\aws-java-sdk-costandusagereport\1.11.106\aws-java-sdk-costandusagereport-1.11.106.jar;C:\Users\Berezia\.m2\repository\com\amazonaws\aws-java-sdk-codebuild\1.11.106\aws-java-sdk-codebuild-1.11.106.jar;C:\Users\Berezia\.m2\repository\com\amazonaws\aws-java-sdk-appstream\1.11.106\aws-java-sdk-appstream-1.11.106.jar;C:\Users\Berezia\.m2\repository\com\amazonaws\aws-java-sdk-shield\1.11.106\aws-java-sdk-shield-1.11.106.jar;C:\Users\Berezia\.m2\repository\com\amazonaws\aws-java-sdk-batch\1.11.106\aws-java-sdk-batch-1.11.106.jar;C:\Users\Berezia\.m2\repository\com\amazonaws\aws-java-sdk-lex\1.11.106\aws-java-sdk-lex-1.11.106.jar;C:\Users\Berezia\.m2\repository\com\amazonaws\aws-java-sdk-mechanicalturkrequester\1.11.106\aws-java-sdk-mechanicalturkrequester-1.11.106.jar;C:\Users\Berezia\.m2\repository\com\amazonaws\aws-java-sdk-organizations\1.11.106\aws-java-sdk-organizations-1.11.106.jar;C:\Users\Berezia\.m2\repository\com\amazonaws\aws-java-sdk-workdocs\1.11.106\aws-java-sdk-workdocs-1.11.106.jar;C:\Users\Berezia\.m2\repository\com\amazonaws\aws-java-sdk-core\1.11.106\aws-java-sdk-core-1.11.106.jar;C:\Users\Berezia\.m2\repository\commons-logging\commons-logging\1.1.3\commons-logging-1.1.3.jar;C:\Users\Berezia\.m2\repository\org\apache\httpcomponents\httpclient\4.5.9\httpclient-4.5.9.jar;C:\Users\Berezia\.m2\repository\org\apache\httpcomponents\httpcore\4.4.11\httpcore-4.4.11.jar;C:\Users\Berezia\.m2\repository\commons-codec\commons-codec\1.11\commons-codec-1.11.jar;C:\Users\Berezia\.m2\repository\software\amazon\ion\ion-java\1.0.2\ion-java-1.0.2.jar;C:\Users\Berezia\.m2\repository\com\fasterxml\jackson\dataformat\jackson-dataformat-cbor\2.9.9\jackson-dataformat-cbor-2.9.9.jar;C:\Users\Berezia\.m2\repository\joda-time\joda-time\2.10.2\joda-time-2.10.2.jar;C:\Users\Berezia\.m2\repository\com\amazonaws\aws-java-sdk-models\1.11.106\aws-java-sdk-models-1.11.106.jar;C:\Users\Berezia\.m2\repository\com\amazonaws\aws-java-sdk-swf-libraries\1.11.22\aws-java-sdk-swf-libraries-1.11.22.jar;"/>
    <property name="sun.cpu.endian" value="little"/>
    <property name="user.home" value="C:\Users\Berezia"/>
    <property name="user.language" value="en"/>
    <property name="java.specification.vendor" value="Oracle Corporation"/>
    <property name="java.version.date" value="2020-07-14"/>
    <property name="java.home" value="C:\Program Files\Java\jdk-14.0.2"/>
    <property name="file.separator" value="\"/>
    <property name="basedir" value="C:\Users\Berezia\Documents\NetBeansProjects\Assn3"/>
    <property name="java.vm.compressedOopsMode" value="Zero based"/>
    <property name="line.separator" value="&#10;"/>
    <property name="java.vm.specification.vendor" value="Oracle Corporation"/>
    <property name="java.specification.name" value="Java Platform API Specification"/>
    <property name="surefire.real.class.path" value="C:\Users\Berezia\AppData\Local\Temp\surefire12762673254569368165\surefirebooter2582561017852023401.jar"/>
    <property name="user.script" value=""/>
    <property name="sun.management.compiler" value="HotSpot 64-Bit Tiered Compilers"/>
    <property name="java.runtime.version" value="14.0.2+12-46"/>
    <property name="user.name" value="Berezia"/>
    <property name="path.separator" value=";"/>
    <property name="os.version" value="10.0"/>
    <property name="java.runtime.name" value="Java(TM) SE Runtime Environment"/>
    <property name="file.encoding" value="UTF-8"/>
    <property name="java.vm.name" value="Java HotSpot(TM) 64-Bit Server VM"/>
    <property name="maven.ext.class.path" value="C:\Program Files\NetBeans-12.0\netbeans\java\maven-nblib\netbeans-eventspy.jar"/>
    <property name="localRepository" value="C:\Users\Berezia\.m2\repository"/>
    <property name="java.vendor.url.bug" value="https://bugreport.java.com/bugreport/"/>
    <property name="java.io.tmpdir" value="C:\Users\Berezia\AppData\Local\Temp\"/>
    <property name="java.version" value="14.0.2"/>
    <property name="user.dir" value="C:\Users\Berezia\Documents\NetBeansProjects\Assn3"/>
    <property name="os.arch" value="amd64"/>
    <property name="java.vm.specification.name" value="Java Virtual Machine Specification"/>
    <property name="sun.os.patch.level" value=""/>
    <property name="java.library.path" value="C:\Program Files\Java\jdk-14.0.2\bin;C:\Windows\Sun\Java\bin;C:\Windows\system32;C:\Windows;C:\Windows\system32;C:\Windows;C:\Windows\System32\Wbem;C:\Windows\System32\WindowsPowerShell\v1.0\;C:\Windows\System32\OpenSSH\;C:\Program Files\NVIDIA Corporation\NVIDIA NvDLISR;C:\cygwin64\bin;C:\Program Files (x86)\NVIDIA Corporation\PhysX\Common;C:\Program Files\Git\cmd;C:\Program Files\PuTTY\;C:\Program Files\Java\jdk-14.0.2\bin;C:\Users\Berezia\AppData\Local\Microsoft\WindowsApps;;C:\Users\Berezia\AppData\Local\Programs\Microsoft VS Code\bin;."/>
    <property name="java.vm.info" value="mixed mode, sharing"/>
    <property name="java.vendor" value="Oracle Corporation"/>
    <property name="java.vm.version" value="14.0.2+12-46"/>
    <property name="sun.io.unicode.encoding" value="UnicodeLittle"/>
    <property name="java.class.version" value="58.0"/>
  </properties>
  <testcase name="contextLoads" classname="com.example.BasicApplicationTests" time="0.236"/>
</testsuite>